Started GET "/" for 127.0.0.1 at 2017-02-19 18:11:35 +0200
Processing by Rails::WelcomeController#index as HTML
  Parameters: {"internal"=>true}
  Rendering /home/sando/.rvm/gems/ruby-2.4.0/gems/railties-5.0.1/lib/rails/templates/rails/welcome/index.html.erb
  Rendered /home/sando/.rvm/gems/ruby-2.4.0/gems/railties-5.0.1/lib/rails/templates/rails/welcome/index.html.erb (2.9ms)
Completed 200 OK in 15ms (Views: 6.6ms | ActiveRecord: 0.0ms)


Started GET "/" for 127.0.0.1 at 2017-02-19 18:21:10 +0200
Processing by Rails::WelcomeController#index as HTML
  Parameters: {"internal"=>true}
  Rendering /home/sando/.rvm/gems/ruby-2.4.0/gems/railties-5.0.1/lib/rails/templates/rails/welcome/index.html.erb
  Rendered /home/sando/.rvm/gems/ruby-2.4.0/gems/railties-5.0.1/lib/rails/templates/rails/welcome/index.html.erb (3.6ms)
Completed 200 OK in 23ms (Views: 8.5ms | ActiveRecord: 0.0ms)


Started GET "/welcome/index" for 127.0.0.1 at 2017-02-19 20:27:46 +0200
Processing by WelcomeController#index as HTML
  Rendering welcome/index.html.erb within layouts/application
  Rendered welcome/index.html.erb within layouts/application (0.7ms)
Completed 200 OK in 671ms (Views: 663.9ms | ActiveRecord: 0.0ms)


Started GET "/welcome/index" for 127.0.0.1 at 2017-02-19 20:30:47 +0200
Processing by WelcomeController#index as HTML
  Rendering welcome/index.html.erb within layouts/application
  Rendered welcome/index.html.erb within layouts/application (0.5ms)
Completed 200 OK in 19ms (Views: 17.6ms | ActiveRecord: 0.0ms)


Started GET "/articles/new" for 127.0.0.1 at 2017-02-20 19:02:12 +0200
  
AbstractController::ActionNotFound (The action 'new' could not be found for ArticlesController):
  
actionpack (5.0.1) lib/abstract_controller/base.rb:121:in `process'
actionview (5.0.1) lib/action_view/rendering.rb:30:in `process'
actionpack (5.0.1) lib/action_controller/metal.rb:190:in `dispatch'
actionpack (5.0.1) lib/action_controller/metal.rb:262:in `dispatch'
actionpack (5.0.1) lib/action_dispatch/routing/route_set.rb:50:in `dispatch'
actionpack (5.0.1) lib/action_dispatch/routing/route_set.rb:32:in `serve'
actionpack (5.0.1) lib/action_dispatch/journey/router.rb:39:in `block in serve'
actionpack (5.0.1) lib/action_dispatch/journey/router.rb:26:in `each'
actionpack (5.0.1) lib/action_dispatch/journey/router.rb:26:in `serve'
actionpack (5.0.1) lib/action_dispatch/routing/route_set.rb:725:in `call'
rack (2.0.1) lib/rack/etag.rb:25:in `call'
rack (2.0.1) lib/rack/conditional_get.rb:25:in `call'
rack (2.0.1) lib/rack/head.rb:12:in `call'
rack (2.0.1) lib/rack/session/abstract/id.rb:222:in `context'
rack (2.0.1) lib/rack/session/abstract/id.rb:216:in `call'
actionpack (5.0.1) lib/action_dispatch/middleware/cookies.rb:613:in `call'
activerecord (5.0.1) lib/active_record/migration.rb:553:in `call'
actionpack (5.0.1) lib/action_dispatch/middleware/callbacks.rb:38:in `block in call'
activesupport (5.0.1) lib/active_support/callbacks.rb:97:in `__run_callbacks__'
activesupport (5.0.1) lib/active_support/callbacks.rb:750:in `_run_call_callbacks'
activesupport (5.0.1) lib/active_support/callbacks.rb:90:in `run_callbacks'
actionpack (5.0.1) lib/action_dispatch/middleware/callbacks.rb:36:in `call'
actionpack (5.0.1) lib/action_dispatch/middleware/executor.rb:12:in `call'
actionpack (5.0.1) lib/action_dispatch/middleware/remote_ip.rb:79:in `call'
actionpack (5.0.1) lib/action_dispatch/middleware/debug_exceptions.rb:49:in `call'
web-console (3.4.0) lib/web_console/middleware.rb:135:in `call_app'
web-console (3.4.0) lib/web_console/middleware.rb:28:in `block in call'
web-console (3.4.0) lib/web_console/middleware.rb:18:in `catch'
web-console (3.4.0) lib/web_console/middleware.rb:18:in `call'
actionpack (5.0.1) lib/action_dispatch/middleware/show_exceptions.rb:31:in `call'
railties (5.0.1) lib/rails/rack/logger.rb:36:in `call_app'
railties (5.0.1) lib/rails/rack/logger.rb:24:in `block in call'
activesupport (5.0.1) lib/active_support/tagged_logging.rb:69:in `block in tagged'
activesupport (5.0.1) lib/active_support/tagged_logging.rb:26:in `tagged'
activesupport (5.0.1) lib/active_support/tagged_logging.rb:69:in `tagged'
railties (5.0.1) lib/rails/rack/logger.rb:24:in `call'
sprockets-rails (3.2.0) lib/sprockets/rails/quiet_assets.rb:13:in `call'
actionpack (5.0.1) lib/action_dispatch/middleware/request_id.rb:24:in `call'
rack (2.0.1) lib/rack/method_override.rb:22:in `call'
rack (2.0.1) lib/rack/runtime.rb:22:in `call'
activesupport (5.0.1) lib/active_support/cache/strategy/local_cache_middleware.rb:28:in `call'
actionpack (5.0.1) lib/action_dispatch/middleware/executor.rb:12:in `call'
actionpack (5.0.1) lib/action_dispatch/middleware/static.rb:136:in `call'
rack (2.0.1) lib/rack/sendfile.rb:111:in `call'
railties (5.0.1) lib/rails/engine.rb:522:in `call'
puma (3.7.0) lib/puma/configuration.rb:226:in `call'
puma (3.7.0) lib/puma/server.rb:578:in `handle_request'
puma (3.7.0) lib/puma/server.rb:415:in `process_client'
puma (3.7.0) lib/puma/server.rb:275:in `block in run'
puma (3.7.0) lib/puma/thread_pool.rb:120:in `block in spawn_thread'
  Rendering /home/sando/.rvm/gems/ruby-2.4.0/gems/actionpack-5.0.1/lib/action_dispatch/middleware/templates/rescues/unknown_action.html.erb within rescues/layout
  Rendered /home/sando/.rvm/gems/ruby-2.4.0/gems/actionpack-5.0.1/lib/action_dispatch/middleware/templates/rescues/unknown_action.html.erb within rescues/layout (13.1ms)
Started GET "/articles/new" for 127.0.0.1 at 2017-02-20 20:16:14 +0200
Processing by ArticlesController#new as HTML
  Rendering articles/new.html.erb within layouts/application
  Rendered articles/new.html.erb within layouts/application (1.6ms)
Completed 200 OK in 683ms (Views: 638.7ms | ActiveRecord: 0.0ms)


Started GET "/articles/new" for 127.0.0.1 at 2017-02-20 20:17:17 +0200
Processing by ArticlesController#new as HTML
  Rendering articles/new.html.erb within layouts/application
  Rendered articles/new.html.erb within layouts/application (132.6ms)
Completed 200 OK in 378ms (Views: 369.0ms | ActiveRecord: 0.0ms)


Started GET "/articles/new" for 127.0.0.1 at 2017-02-20 20:18:38 +0200
Processing by ArticlesController#new as HTML
  Rendering articles/new.html.erb within layouts/application
  Rendered articles/new.html.erb within layouts/application (2.1ms)
Completed 200 OK in 39ms (Views: 26.1ms | ActiveRecord: 0.0ms)


Started GET "/articles/new" for 127.0.0.1 at 2017-02-20 20:21:19 +0200
Started GET "/articles/new" for 127.0.0.1 at 2017-02-20 20:21:34 +0200
Processing by ArticlesController#new as HTML
  Rendering articles/new.html.erb within layouts/application
  Rendered articles/new.html.erb within layouts/application (11.4ms)
Completed 200 OK in 195ms (Views: 186.9ms | ActiveRecord: 0.0ms)


Started POST "/articles" for 127.0.0.1 at 2017-02-20 20:21:41 +0200
Processing by ArticlesController#create as HTML
  Parameters: {"utf8"=>"✓", "authenticity_token"=>"ACy3FvciW/eWM9Z+nufHGquWzT7RgUEUwxrOOL1hRQ3/cqtChH+rFzBXmefR25v7OwjqGI4d1eSbJF1dRSQCnA==", "article"=>{"title"=>"fadsf", "text"=>"sdaf"}, "commit"=>"Save Article"}
  Rendering text template
  Rendered text template (0.0ms)
Completed 200 OK in 46ms (Views: 45.9ms | ActiveRecord: 0.0ms)


  [1m[35m (284.8ms)[0m  [1m[35mCREATE TABLE "schema_migrations" ("version" character varying PRIMARY KEY)[0m
  [1m[35m (104.0ms)[0m  [1m[35mCREATE TABLE "ar_internal_metadata" ("key" character varying PRIMARY KEY, "value" character varying, "created_at" timestamp NOT NULL, "updated_at" timestamp NOT NULL)[0m
  [1m[35m (0.4ms)[0m  [1m[34mSELECT pg_try_advisory_lock(7864839756650184315);[0m
  [1m[36mActiveRecord::SchemaMigration Load (0.8ms)[0m  [1m[34mSELECT "schema_migrations".* FROM "schema_migrations"[0m
Migrating to CreateArticles (20170220182300)
  [1m[35m (0.2ms)[0m  [1m[35mBEGIN[0m
  [1m[35m (105.7ms)[0m  [1m[35mCREATE TABLE "articles" ("id" serial primary key, "title" character varying, "text" text, "created_at" timestamp NOT NULL, "updated_at" timestamp NOT NULL)[0m
  [1m[35mSQL (0.6ms)[0m  [1m[32mINSERT INTO "schema_migrations" ("version") VALUES ($1) RETURNING "version"[0m  [["version", "20170220182300"]]
  [1m[35m (15.5ms)[0m  [1m[35mCOMMIT[0m
  [1m[36mActiveRecord::InternalMetadata Load (0.4ms)[0m  [1m[34mSELECT  "ar_internal_metadata".* FROM "ar_internal_metadata" WHERE "ar_internal_metadata"."key" = $1 LIMIT $2[0m  [["key", :environment], ["LIMIT", 1]]
  [1m[35m (0.1ms)[0m  [1m[35mBEGIN[0m
  [1m[35mSQL (0.4ms)[0m  [1m[32mINSERT INTO "ar_internal_metadata" ("key", "value", "created_at", "updated_at") VALUES ($1, $2, $3, $4) RETURNING "key"[0m  [["key", "environment"], ["value", "development"], ["created_at", 2017-02-20 18:41:28 UTC], ["updated_at", 2017-02-20 18:41:28 UTC]]
  [1m[35m (4.7ms)[0m  [1m[35mCOMMIT[0m
  [1m[35m (0.3ms)[0m  [1m[34mSELECT pg_advisory_unlock(7864839756650184315)[0m
  [1m[36mActiveRecord::SchemaMigration Load (0.4ms)[0m  [1m[34mSELECT "schema_migrations".* FROM "schema_migrations"[0m
Started GET "/articles/new" for 127.0.0.1 at 2017-02-20 20:45:30 +0200
  [1m[36mActiveRecord::SchemaMigration Load (0.4ms)[0m  [1m[34mSELECT "schema_migrations".* FROM "schema_migrations"[0m
Processing by ArticlesController#new as HTML
  Rendering articles/new.html.erb within layouts/application
  Rendered articles/new.html.erb within layouts/application (12.4ms)
Completed 200 OK in 188ms (Views: 179.9ms | ActiveRecord: 0.0ms)


Started GET "/articles/new" for 127.0.0.1 at 2017-02-20 20:47:16 +0200
  [1m[36mActiveRecord::SchemaMigration Load (0.5ms)[0m  [1m[34mSELECT "schema_migrations".* FROM "schema_migrations"[0m
Processing by ArticlesController#new as HTML
  Rendering articles/new.html.erb within layouts/application
  Rendered articles/new.html.erb within layouts/application (15.2ms)
Completed 200 OK in 200ms (Views: 190.2ms | ActiveRecord: 0.0ms)


Started POST "/articles" for 127.0.0.1 at 2017-02-20 20:47:38 +0200
Processing by ArticlesController#create as HTML
  Parameters: {"utf8"=>"✓", "authenticity_token"=>"QEKIXqwcIL3UK+kDPKcnig2LO0x7+f02qlgAn2m8tAa/HJQK30HQXXJPpppzm3trnRUcaiRlacbyZpP6kfnzlw==", "article"=>{"title"=>"bengis", "text"=>"bahkata e mnogo otkacheh\r\n"}, "commit"=>"Save Article"}
Completed 500 Internal Server Error in 68ms (ActiveRecord: 4.9ms)


  
ActiveModel::ForbiddenAttributesError (ActiveModel::ForbiddenAttributesError):
  
app/controllers/articles_controller.rb:8:in `create'
  Rendering /home/sando/.rvm/gems/ruby-2.4.0/gems/actionpack-5.0.1/lib/action_dispatch/middleware/templates/rescues/diagnostics.html.erb within rescues/layout
  Rendering /home/sando/.rvm/gems/ruby-2.4.0/gems/actionpack-5.0.1/lib/action_dispatch/middleware/templates/rescues/_source.html.erb
  Rendered /home/sando/.rvm/gems/ruby-2.4.0/gems/actionpack-5.0.1/lib/action_dispatch/middleware/templates/rescues/_source.html.erb (3.9ms)
  Rendering /home/sando/.rvm/gems/ruby-2.4.0/gems/actionpack-5.0.1/lib/action_dispatch/middleware/templates/rescues/_trace.html.erb
  Rendered /home/sando/.rvm/gems/ruby-2.4.0/gems/actionpack-5.0.1/lib/action_dispatch/middleware/templates/rescues/_trace.html.erb (1.5ms)
  Rendering /home/sando/.rvm/gems/ruby-2.4.0/gems/actionpack-5.0.1/lib/action_dispatch/middleware/templates/rescues/_request_and_response.html.erb
  Rendered /home/sando/.rvm/gems/ruby-2.4.0/gems/actionpack-5.0.1/lib/action_dispatch/middleware/templates/rescues/_request_and_response.html.erb (1.0ms)
  Rendered /home/sando/.rvm/gems/ruby-2.4.0/gems/actionpack-5.0.1/lib/action_dispatch/middleware/templates/rescues/diagnostics.html.erb within rescues/layout (41.5ms)
Started POST "/articles" for 127.0.0.1 at 2017-02-20 20:51:47 +0200
  [1m[36mActiveRecord::SchemaMigration Load (0.6ms)[0m  [1m[34mSELECT "schema_migrations".* FROM "schema_migrations"[0m
Processing by ArticlesController#create as HTML
  Parameters: {"utf8"=>"✓", "authenticity_token"=>"QEKIXqwcIL3UK+kDPKcnig2LO0x7+f02qlgAn2m8tAa/HJQK30HQXXJPpppzm3trnRUcaiRlacbyZpP6kfnzlw==", "article"=>{"title"=>"bengis", "text"=>"bahkata e mnogo otkacheh\r\n"}, "commit"=>"Save Article"}
Completed 500 Internal Server Error in 23ms (ActiveRecord: 5.1ms)


  
ActiveModel::ForbiddenAttributesError (ActiveModel::ForbiddenAttributesError):
  
app/controllers/articles_controller.rb:8:in `create'
  Rendering /home/sando/.rvm/gems/ruby-2.4.0/gems/actionpack-5.0.1/lib/action_dispatch/middleware/templates/rescues/diagnostics.html.erb within rescues/layout
  Rendering /home/sando/.rvm/gems/ruby-2.4.0/gems/actionpack-5.0.1/lib/action_dispatch/middleware/templates/rescues/_source.html.erb
  Rendered /home/sando/.rvm/gems/ruby-2.4.0/gems/actionpack-5.0.1/lib/action_dispatch/middleware/templates/rescues/_source.html.erb (4.0ms)
  Rendering /home/sando/.rvm/gems/ruby-2.4.0/gems/actionpack-5.0.1/lib/action_dispatch/middleware/templates/rescues/_trace.html.erb
  Rendered /home/sando/.rvm/gems/ruby-2.4.0/gems/actionpack-5.0.1/lib/action_dispatch/middleware/templates/rescues/_trace.html.erb (1.7ms)
  Rendering /home/sando/.rvm/gems/ruby-2.4.0/gems/actionpack-5.0.1/lib/action_dispatch/middleware/templates/rescues/_request_and_response.html.erb
  Rendered /home/sando/.rvm/gems/ruby-2.4.0/gems/actionpack-5.0.1/lib/action_dispatch/middleware/templates/rescues/_request_and_response.html.erb (0.9ms)
  Rendered /home/sando/.rvm/gems/ruby-2.4.0/gems/actionpack-5.0.1/lib/action_dispatch/middleware/templates/rescues/diagnostics.html.erb within rescues/layout (21.6ms)
Started GET "/articles" for 127.0.0.1 at 2017-02-20 20:52:16 +0200
  
AbstractController::ActionNotFound (The action 'index' could not be found for ArticlesController):
  
actionpack (5.0.1) lib/abstract_controller/base.rb:121:in `process'
actionview (5.0.1) lib/action_view/rendering.rb:30:in `process'
actionpack (5.0.1) lib/action_controller/metal.rb:190:in `dispatch'
actionpack (5.0.1) lib/action_controller/metal.rb:262:in `dispatch'
actionpack (5.0.1) lib/action_dispatch/routing/route_set.rb:50:in `dispatch'
actionpack (5.0.1) lib/action_dispatch/routing/route_set.rb:32:in `serve'
actionpack (5.0.1) lib/action_dispatch/journey/router.rb:39:in `block in serve'
actionpack (5.0.1) lib/action_dispatch/journey/router.rb:26:in `each'
actionpack (5.0.1) lib/action_dispatch/journey/router.rb:26:in `serve'
actionpack (5.0.1) lib/action_dispatch/routing/route_set.rb:725:in `call'
rack (2.0.1) lib/rack/etag.rb:25:in `call'
rack (2.0.1) lib/rack/conditional_get.rb:25:in `call'
rack (2.0.1) lib/rack/head.rb:12:in `call'
rack (2.0.1) lib/rack/session/abstract/id.rb:222:in `context'
rack (2.0.1) lib/rack/session/abstract/id.rb:216:in `call'
actionpack (5.0.1) lib/action_dispatch/middleware/cookies.rb:613:in `call'
activerecord (5.0.1) lib/active_record/migration.rb:553:in `call'
actionpack (5.0.1) lib/action_dispatch/middleware/callbacks.rb:38:in `block in call'
activesupport (5.0.1) lib/active_support/callbacks.rb:97:in `__run_callbacks__'
activesupport (5.0.1) lib/active_support/callbacks.rb:750:in `_run_call_callbacks'
activesupport (5.0.1) lib/active_support/callbacks.rb:90:in `run_callbacks'
actionpack (5.0.1) lib/action_dispatch/middleware/callbacks.rb:36:in `call'
actionpack (5.0.1) lib/action_dispatch/middleware/executor.rb:12:in `call'
actionpack (5.0.1) lib/action_dispatch/middleware/remote_ip.rb:79:in `call'
actionpack (5.0.1) lib/action_dispatch/middleware/debug_exceptions.rb:49:in `call'
web-console (3.4.0) lib/web_console/middleware.rb:135:in `call_app'
web-console (3.4.0) lib/web_console/middleware.rb:28:in `block in call'
web-console (3.4.0) lib/web_console/middleware.rb:18:in `catch'
web-console (3.4.0) lib/web_console/middleware.rb:18:in `call'
actionpack (5.0.1) lib/action_dispatch/middleware/show_exceptions.rb:31:in `call'
railties (5.0.1) lib/rails/rack/logger.rb:36:in `call_app'
railties (5.0.1) lib/rails/rack/logger.rb:24:in `block in call'
activesupport (5.0.1) lib/active_support/tagged_logging.rb:69:in `block in tagged'
activesupport (5.0.1) lib/active_support/tagged_logging.rb:26:in `tagged'
activesupport (5.0.1) lib/active_support/tagged_logging.rb:69:in `tagged'
railties (5.0.1) lib/rails/rack/logger.rb:24:in `call'
sprockets-rails (3.2.0) lib/sprockets/rails/quiet_assets.rb:13:in `call'
actionpack (5.0.1) lib/action_dispatch/middleware/request_id.rb:24:in `call'
rack (2.0.1) lib/rack/method_override.rb:22:in `call'
rack (2.0.1) lib/rack/runtime.rb:22:in `call'
activesupport (5.0.1) lib/active_support/cache/strategy/local_cache_middleware.rb:28:in `call'
actionpack (5.0.1) lib/action_dispatch/middleware/executor.rb:12:in `call'
actionpack (5.0.1) lib/action_dispatch/middleware/static.rb:136:in `call'
rack (2.0.1) lib/rack/sendfile.rb:111:in `call'
railties (5.0.1) lib/rails/engine.rb:522:in `call'
puma (3.7.0) lib/puma/configuration.rb:226:in `call'
puma (3.7.0) lib/puma/server.rb:578:in `handle_request'
puma (3.7.0) lib/puma/server.rb:415:in `process_client'
puma (3.7.0) lib/puma/server.rb:275:in `block in run'
puma (3.7.0) lib/puma/thread_pool.rb:120:in `block in spawn_thread'
  Rendering /home/sando/.rvm/gems/ruby-2.4.0/gems/actionpack-5.0.1/lib/action_dispatch/middleware/templates/rescues/unknown_action.html.erb within rescues/layout
  Rendered /home/sando/.rvm/gems/ruby-2.4.0/gems/actionpack-5.0.1/lib/action_dispatch/middleware/templates/rescues/unknown_action.html.erb within rescues/layout (0.7ms)
Started GET "/articles" for 127.0.0.1 at 2017-02-20 20:54:11 +0200
  [1m[36mActiveRecord::SchemaMigration Load (0.5ms)[0m  [1m[34mSELECT "schema_migrations".* FROM "schema_migrations"[0m
  
AbstractController::ActionNotFound (The action 'index' could not be found for ArticlesController):
  
actionpack (5.0.1) lib/abstract_controller/base.rb:121:in `process'
actionview (5.0.1) lib/action_view/rendering.rb:30:in `process'
actionpack (5.0.1) lib/action_controller/metal.rb:190:in `dispatch'
actionpack (5.0.1) lib/action_controller/metal.rb:262:in `dispatch'
actionpack (5.0.1) lib/action_dispatch/routing/route_set.rb:50:in `dispatch'
actionpack (5.0.1) lib/action_dispatch/routing/route_set.rb:32:in `serve'
actionpack (5.0.1) lib/action_dispatch/journey/router.rb:39:in `block in serve'
actionpack (5.0.1) lib/action_dispatch/journey/router.rb:26:in `each'
actionpack (5.0.1) lib/action_dispatch/journey/router.rb:26:in `serve'
actionpack (5.0.1) lib/action_dispatch/routing/route_set.rb:725:in `call'
rack (2.0.1) lib/rack/etag.rb:25:in `call'
rack (2.0.1) lib/rack/conditional_get.rb:25:in `call'
rack (2.0.1) lib/rack/head.rb:12:in `call'
rack (2.0.1) lib/rack/session/abstract/id.rb:222:in `context'
rack (2.0.1) lib/rack/session/abstract/id.rb:216:in `call'
actionpack (5.0.1) lib/action_dispatch/middleware/cookies.rb:613:in `call'
activerecord (5.0.1) lib/active_record/migration.rb:553:in `call'
actionpack (5.0.1) lib/action_dispatch/middleware/callbacks.rb:38:in `block in call'
activesupport (5.0.1) lib/active_support/callbacks.rb:97:in `__run_callbacks__'
activesupport (5.0.1) lib/active_support/callbacks.rb:750:in `_run_call_callbacks'
activesupport (5.0.1) lib/active_support/callbacks.rb:90:in `run_callbacks'
actionpack (5.0.1) lib/action_dispatch/middleware/callbacks.rb:36:in `call'
actionpack (5.0.1) lib/action_dispatch/middleware/executor.rb:12:in `call'
actionpack (5.0.1) lib/action_dispatch/middleware/remote_ip.rb:79:in `call'
actionpack (5.0.1) lib/action_dispatch/middleware/debug_exceptions.rb:49:in `call'
web-console (3.4.0) lib/web_console/middleware.rb:135:in `call_app'
web-console (3.4.0) lib/web_console/middleware.rb:28:in `block in call'
web-console (3.4.0) lib/web_console/middleware.rb:18:in `catch'
web-console (3.4.0) lib/web_console/middleware.rb:18:in `call'
actionpack (5.0.1) lib/action_dispatch/middleware/show_exceptions.rb:31:in `call'
railties (5.0.1) lib/rails/rack/logger.rb:36:in `call_app'
railties (5.0.1) lib/rails/rack/logger.rb:24:in `block in call'
activesupport (5.0.1) lib/active_support/tagged_logging.rb:69:in `block in tagged'
activesupport (5.0.1) lib/active_support/tagged_logging.rb:26:in `tagged'
activesupport (5.0.1) lib/active_support/tagged_logging.rb:69:in `tagged'
railties (5.0.1) lib/rails/rack/logger.rb:24:in `call'
sprockets-rails (3.2.0) lib/sprockets/rails/quiet_assets.rb:13:in `call'
actionpack (5.0.1) lib/action_dispatch/middleware/request_id.rb:24:in `call'
rack (2.0.1) lib/rack/method_override.rb:22:in `call'
rack (2.0.1) lib/rack/runtime.rb:22:in `call'
activesupport (5.0.1) lib/active_support/cache/strategy/local_cache_middleware.rb:28:in `call'
actionpack (5.0.1) lib/action_dispatch/middleware/executor.rb:12:in `call'
actionpack (5.0.1) lib/action_dispatch/middleware/static.rb:136:in `call'
rack (2.0.1) lib/rack/sendfile.rb:111:in `call'
railties (5.0.1) lib/rails/engine.rb:522:in `call'
puma (3.7.0) lib/puma/configuration.rb:226:in `call'
puma (3.7.0) lib/puma/server.rb:578:in `handle_request'
puma (3.7.0) lib/puma/server.rb:415:in `process_client'
puma (3.7.0) lib/puma/server.rb:275:in `block in run'
puma (3.7.0) lib/puma/thread_pool.rb:120:in `block in spawn_thread'
  Rendering /home/sando/.rvm/gems/ruby-2.4.0/gems/actionpack-5.0.1/lib/action_dispatch/middleware/templates/rescues/unknown_action.html.erb within rescues/layout
  Rendered /home/sando/.rvm/gems/ruby-2.4.0/gems/actionpack-5.0.1/lib/action_dispatch/middleware/templates/rescues/unknown_action.html.erb within rescues/layout (3.1ms)
Started GET "/articles" for 127.0.0.1 at 2017-02-20 20:54:13 +0200
  
AbstractController::ActionNotFound (The action 'index' could not be found for ArticlesController):
  
actionpack (5.0.1) lib/abstract_controller/base.rb:121:in `process'
actionview (5.0.1) lib/action_view/rendering.rb:30:in `process'
actionpack (5.0.1) lib/action_controller/metal.rb:190:in `dispatch'
actionpack (5.0.1) lib/action_controller/metal.rb:262:in `dispatch'
actionpack (5.0.1) lib/action_dispatch/routing/route_set.rb:50:in `dispatch'
actionpack (5.0.1) lib/action_dispatch/routing/route_set.rb:32:in `serve'
actionpack (5.0.1) lib/action_dispatch/journey/router.rb:39:in `block in serve'
actionpack (5.0.1) lib/action_dispatch/journey/router.rb:26:in `each'
actionpack (5.0.1) lib/action_dispatch/journey/router.rb:26:in `serve'
actionpack (5.0.1) lib/action_dispatch/routing/route_set.rb:725:in `call'
rack (2.0.1) lib/rack/etag.rb:25:in `call'
rack (2.0.1) lib/rack/conditional_get.rb:25:in `call'
rack (2.0.1) lib/rack/head.rb:12:in `call'
rack (2.0.1) lib/rack/session/abstract/id.rb:222:in `context'
rack (2.0.1) lib/rack/session/abstract/id.rb:216:in `call'
actionpack (5.0.1) lib/action_dispatch/middleware/cookies.rb:613:in `call'
activerecord (5.0.1) lib/active_record/migration.rb:553:in `call'
actionpack (5.0.1) lib/action_dispatch/middleware/callbacks.rb:38:in `block in call'
activesupport (5.0.1) lib/active_support/callbacks.rb:97:in `__run_callbacks__'
activesupport (5.0.1) lib/active_support/callbacks.rb:750:in `_run_call_callbacks'
activesupport (5.0.1) lib/active_support/callbacks.rb:90:in `run_callbacks'
actionpack (5.0.1) lib/action_dispatch/middleware/callbacks.rb:36:in `call'
actionpack (5.0.1) lib/action_dispatch/middleware/executor.rb:12:in `call'
actionpack (5.0.1) lib/action_dispatch/middleware/remote_ip.rb:79:in `call'
actionpack (5.0.1) lib/action_dispatch/middleware/debug_exceptions.rb:49:in `call'
web-console (3.4.0) lib/web_console/middleware.rb:135:in `call_app'
web-console (3.4.0) lib/web_console/middleware.rb:28:in `block in call'
web-console (3.4.0) lib/web_console/middleware.rb:18:in `catch'
web-console (3.4.0) lib/web_console/middleware.rb:18:in `call'
actionpack (5.0.1) lib/action_dispatch/middleware/show_exceptions.rb:31:in `call'
railties (5.0.1) lib/rails/rack/logger.rb:36:in `call_app'
railties (5.0.1) lib/rails/rack/logger.rb:24:in `block in call'
activesupport (5.0.1) lib/active_support/tagged_logging.rb:69:in `block in tagged'
activesupport (5.0.1) lib/active_support/tagged_logging.rb:26:in `tagged'
activesupport (5.0.1) lib/active_support/tagged_logging.rb:69:in `tagged'
railties (5.0.1) lib/rails/rack/logger.rb:24:in `call'
sprockets-rails (3.2.0) lib/sprockets/rails/quiet_assets.rb:13:in `call'
actionpack (5.0.1) lib/action_dispatch/middleware/request_id.rb:24:in `call'
rack (2.0.1) lib/rack/method_override.rb:22:in `call'
rack (2.0.1) lib/rack/runtime.rb:22:in `call'
activesupport (5.0.1) lib/active_support/cache/strategy/local_cache_middleware.rb:28:in `call'
actionpack (5.0.1) lib/action_dispatch/middleware/executor.rb:12:in `call'
actionpack (5.0.1) lib/action_dispatch/middleware/static.rb:136:in `call'
rack (2.0.1) lib/rack/sendfile.rb:111:in `call'
railties (5.0.1) lib/rails/engine.rb:522:in `call'
puma (3.7.0) lib/puma/configuration.rb:226:in `call'
puma (3.7.0) lib/puma/server.rb:578:in `handle_request'
puma (3.7.0) lib/puma/server.rb:415:in `process_client'
puma (3.7.0) lib/puma/server.rb:275:in `block in run'
puma (3.7.0) lib/puma/thread_pool.rb:120:in `block in spawn_thread'
  Rendering /home/sando/.rvm/gems/ruby-2.4.0/gems/actionpack-5.0.1/lib/action_dispatch/middleware/templates/rescues/unknown_action.html.erb within rescues/layout
  Rendered /home/sando/.rvm/gems/ruby-2.4.0/gems/actionpack-5.0.1/lib/action_dispatch/middleware/templates/rescues/unknown_action.html.erb within rescues/layout (0.5ms)
Started GET "/articles" for 127.0.0.1 at 2017-02-20 20:54:16 +0200
  
AbstractController::ActionNotFound (The action 'index' could not be found for ArticlesController):
  
actionpack (5.0.1) lib/abstract_controller/base.rb:121:in `process'
actionview (5.0.1) lib/action_view/rendering.rb:30:in `process'
actionpack (5.0.1) lib/action_controller/metal.rb:190:in `dispatch'
actionpack (5.0.1) lib/action_controller/metal.rb:262:in `dispatch'
actionpack (5.0.1) lib/action_dispatch/routing/route_set.rb:50:in `dispatch'
actionpack (5.0.1) lib/action_dispatch/routing/route_set.rb:32:in `serve'
actionpack (5.0.1) lib/action_dispatch/journey/router.rb:39:in `block in serve'
actionpack (5.0.1) lib/action_dispatch/journey/router.rb:26:in `each'
actionpack (5.0.1) lib/action_dispatch/journey/router.rb:26:in `serve'
actionpack (5.0.1) lib/action_dispatch/routing/route_set.rb:725:in `call'
rack (2.0.1) lib/rack/etag.rb:25:in `call'
rack (2.0.1) lib/rack/conditional_get.rb:25:in `call'
rack (2.0.1) lib/rack/head.rb:12:in `call'
rack (2.0.1) lib/rack/session/abstract/id.rb:222:in `context'
rack (2.0.1) lib/rack/session/abstract/id.rb:216:in `call'
actionpack (5.0.1) lib/action_dispatch/middleware/cookies.rb:613:in `call'
activerecord (5.0.1) lib/active_record/migration.rb:553:in `call'
actionpack (5.0.1) lib/action_dispatch/middleware/callbacks.rb:38:in `block in call'
activesupport (5.0.1) lib/active_support/callbacks.rb:97:in `__run_callbacks__'
activesupport (5.0.1) lib/active_support/callbacks.rb:750:in `_run_call_callbacks'
activesupport (5.0.1) lib/active_support/callbacks.rb:90:in `run_callbacks'
actionpack (5.0.1) lib/action_dispatch/middleware/callbacks.rb:36:in `call'
actionpack (5.0.1) lib/action_dispatch/middleware/executor.rb:12:in `call'
actionpack (5.0.1) lib/action_dispatch/middleware/remote_ip.rb:79:in `call'
actionpack (5.0.1) lib/action_dispatch/middleware/debug_exceptions.rb:49:in `call'
web-console (3.4.0) lib/web_console/middleware.rb:135:in `call_app'
web-console (3.4.0) lib/web_console/middleware.rb:28:in `block in call'
web-console (3.4.0) lib/web_console/middleware.rb:18:in `catch'
web-console (3.4.0) lib/web_console/middleware.rb:18:in `call'
actionpack (5.0.1) lib/action_dispatch/middleware/show_exceptions.rb:31:in `call'
railties (5.0.1) lib/rails/rack/logger.rb:36:in `call_app'
railties (5.0.1) lib/rails/rack/logger.rb:24:in `block in call'
activesupport (5.0.1) lib/active_support/tagged_logging.rb:69:in `block in tagged'
activesupport (5.0.1) lib/active_support/tagged_logging.rb:26:in `tagged'
activesupport (5.0.1) lib/active_support/tagged_logging.rb:69:in `tagged'
railties (5.0.1) lib/rails/rack/logger.rb:24:in `call'
sprockets-rails (3.2.0) lib/sprockets/rails/quiet_assets.rb:13:in `call'
actionpack (5.0.1) lib/action_dispatch/middleware/request_id.rb:24:in `call'
rack (2.0.1) lib/rack/method_override.rb:22:in `call'
rack (2.0.1) lib/rack/runtime.rb:22:in `call'
activesupport (5.0.1) lib/active_support/cache/strategy/local_cache_middleware.rb:28:in `call'
actionpack (5.0.1) lib/action_dispatch/middleware/executor.rb:12:in `call'
actionpack (5.0.1) lib/action_dispatch/middleware/static.rb:136:in `call'
rack (2.0.1) lib/rack/sendfile.rb:111:in `call'
railties (5.0.1) lib/rails/engine.rb:522:in `call'
puma (3.7.0) lib/puma/configuration.rb:226:in `call'
puma (3.7.0) lib/puma/server.rb:578:in `handle_request'
puma (3.7.0) lib/puma/server.rb:415:in `process_client'
puma (3.7.0) lib/puma/server.rb:275:in `block in run'
puma (3.7.0) lib/puma/thread_pool.rb:120:in `block in spawn_thread'
  Rendering /home/sando/.rvm/gems/ruby-2.4.0/gems/actionpack-5.0.1/lib/action_dispatch/middleware/templates/rescues/unknown_action.html.erb within rescues/layout
  Rendered /home/sando/.rvm/gems/ruby-2.4.0/gems/actionpack-5.0.1/lib/action_dispatch/middleware/templates/rescues/unknown_action.html.erb within rescues/layout (0.5ms)
Started POST "/articles" for 127.0.0.1 at 2017-02-20 21:01:19 +0200
  [1m[36mActiveRecord::SchemaMigration Load (0.5ms)[0m  [1m[34mSELECT "schema_migrations".* FROM "schema_migrations"[0m
Processing by ArticlesController#create as HTML
  Parameters: {"utf8"=>"✓", "authenticity_token"=>"QEKIXqwcIL3UK+kDPKcnig2LO0x7+f02qlgAn2m8tAa/HJQK30HQXXJPpppzm3trnRUcaiRlacbyZpP6kfnzlw==", "article"=>{"title"=>"bengis", "text"=>"bahkata e mnogo otkacheh\r\n"}, "commit"=>"Save Article"}
Completed 500 Internal Server Error in 24ms (ActiveRecord: 3.2ms)


  
ActiveModel::ForbiddenAttributesError (ActiveModel::ForbiddenAttributesError):
  
app/controllers/articles_controller.rb:11:in `create'
  Rendering /home/sando/.rvm/gems/ruby-2.4.0/gems/actionpack-5.0.1/lib/action_dispatch/middleware/templates/rescues/diagnostics.html.erb within rescues/layout
  Rendering /home/sando/.rvm/gems/ruby-2.4.0/gems/actionpack-5.0.1/lib/action_dispatch/middleware/templates/rescues/_source.html.erb
  Rendered /home/sando/.rvm/gems/ruby-2.4.0/gems/actionpack-5.0.1/lib/action_dispatch/middleware/templates/rescues/_source.html.erb (4.3ms)
  Rendering /home/sando/.rvm/gems/ruby-2.4.0/gems/actionpack-5.0.1/lib/action_dispatch/middleware/templates/rescues/_trace.html.erb
  Rendered /home/sando/.rvm/gems/ruby-2.4.0/gems/actionpack-5.0.1/lib/action_dispatch/middleware/templates/rescues/_trace.html.erb (1.9ms)
  Rendering /home/sando/.rvm/gems/ruby-2.4.0/gems/actionpack-5.0.1/lib/action_dispatch/middleware/templates/rescues/_request_and_response.html.erb
  Rendered /home/sando/.rvm/gems/ruby-2.4.0/gems/actionpack-5.0.1/lib/action_dispatch/middleware/templates/rescues/_request_and_response.html.erb (0.9ms)
  Rendered /home/sando/.rvm/gems/ruby-2.4.0/gems/actionpack-5.0.1/lib/action_dispatch/middleware/templates/rescues/diagnostics.html.erb within rescues/layout (25.9ms)
Started GET "/articles/new" for 127.0.0.1 at 2017-02-20 21:01:28 +0200
Processing by ArticlesController#new as HTML
  Rendering articles/new.html.erb within layouts/application
  Rendered articles/new.html.erb within layouts/application (10.7ms)
Completed 200 OK in 197ms (Views: 196.0ms | ActiveRecord: 0.0ms)


Started POST "/articles" for 127.0.0.1 at 2017-02-20 21:01:41 +0200
Processing by ArticlesController#create as HTML
  Parameters: {"utf8"=>"✓", "authenticity_token"=>"mWGyMmnPVCN9quMMM/UwYThG1LxhIqCCujzvP9xIM3JmP65mGpKkw9vOrJV8yWyAqNjzmj6+NHLiAnxaJA104w==", "article"=>{"title"=>"bengis", "text"=>"dad\r\n"}, "commit"=>"Save Article"}
Completed 500 Internal Server Error in 2ms (ActiveRecord: 0.0ms)


  
ActiveModel::ForbiddenAttributesError (ActiveModel::ForbiddenAttributesError):
  
app/controllers/articles_controller.rb:11:in `create'
  Rendering /home/sando/.rvm/gems/ruby-2.4.0/gems/actionpack-5.0.1/lib/action_dispatch/middleware/templates/rescues/diagnostics.html.erb within rescues/layout
  Rendering /home/sando/.rvm/gems/ruby-2.4.0/gems/actionpack-5.0.1/lib/action_dispatch/middleware/templates/rescues/_source.html.erb
  Rendered /home/sando/.rvm/gems/ruby-2.4.0/gems/actionpack-5.0.1/lib/action_dispatch/middleware/templates/rescues/_source.html.erb (4.0ms)
  Rendering /home/sando/.rvm/gems/ruby-2.4.0/gems/actionpack-5.0.1/lib/action_dispatch/middleware/templates/rescues/_trace.html.erb
  Rendered /home/sando/.rvm/gems/ruby-2.4.0/gems/actionpack-5.0.1/lib/action_dispatch/middleware/templates/rescues/_trace.html.erb (2.0ms)
  Rendering /home/sando/.rvm/gems/ruby-2.4.0/gems/actionpack-5.0.1/lib/action_dispatch/middleware/templates/rescues/_request_and_response.html.erb
  Rendered /home/sando/.rvm/gems/ruby-2.4.0/gems/actionpack-5.0.1/lib/action_dispatch/middleware/templates/rescues/_request_and_response.html.erb (1.0ms)
  Rendered /home/sando/.rvm/gems/ruby-2.4.0/gems/actionpack-5.0.1/lib/action_dispatch/middleware/templates/rescues/diagnostics.html.erb within rescues/layout (21.4ms)
Started GET "/articles/new" for 127.0.0.1 at 2017-02-20 21:03:21 +0200
  [1m[36mActiveRecord::SchemaMigration Load (0.4ms)[0m  [1m[34mSELECT "schema_migrations".* FROM "schema_migrations"[0m
Processing by ArticlesController#new as HTML
  Rendering articles/new.html.erb within layouts/application
  Rendered articles/new.html.erb within layouts/application (15.7ms)
Completed 200 OK in 199ms (Views: 189.6ms | ActiveRecord: 0.0ms)


Started POST "/articles" for 127.0.0.1 at 2017-02-20 21:03:57 +0200
Processing by ArticlesController#create as HTML
  Parameters: {"utf8"=>"✓", "authenticity_token"=>"sQo21lkwBH6QY1p3uKJoku+rdy139oyS7bZVnAJ4s6FOVCqCKm30njYHFe73njRzfzVQCyhqGGK1iMb5+j30MA==", "article"=>{"title"=>"bengis", "text"=>"bengis is fun\r\n"}, "commit"=>"Save Article"}
  [1m[35m (0.2ms)[0m  [1m[35mBEGIN[0m
  [1m[35mSQL (0.6ms)[0m  [1m[32mINSERT INTO "articles" ("title", "text", "created_at", "updated_at") VALUES ($1, $2, $3, $4) RETURNING "id"[0m  [["title", "bengis"], ["text", "bengis is fun\r\n"], ["created_at", 2017-02-20 19:03:57 UTC], ["updated_at", 2017-02-20 19:03:57 UTC]]
  [1m[35m (52.8ms)[0m  [1m[35mCOMMIT[0m
Redirected to http://localhost:3000/articles/1
Completed 302 Found in 93ms (ActiveRecord: 59.0ms)


Started GET "/articles/1" for 127.0.0.1 at 2017-02-20 21:03:57 +0200
Processing by ArticlesController#show as HTML
  Parameters: {"id"=>"1"}
  [1m[36mArticle Load (0.4ms)[0m  [1m[34mSELECT  "articles".* FROM "articles" WHERE "articles"."id" = $1 LIMIT $2[0m  [["id", 1], ["LIMIT", 1]]
  Rendering articles/show.html.erb within layouts/application
  Rendered articles/show.html.erb within layouts/application (0.8ms)
Completed 200 OK in 55ms (Views: 29.1ms | ActiveRecord: 0.7ms)


Started GET "/" for 127.0.0.1 at 2017-02-20 21:06:15 +0200
Processing by WelcomeController#index as HTML
  Rendering welcome/index.html.erb within layouts/application
  Rendered welcome/index.html.erb within layouts/application (0.5ms)
Completed 200 OK in 39ms (Views: 25.7ms | ActiveRecord: 0.0ms)


Started GET "/articles" for 127.0.0.1 at 2017-02-20 21:06:37 +0200
Processing by ArticlesController#index as HTML
Completed 406 Not Acceptable in 18ms (ActiveRecord: 0.0ms)


  
ActionController::UnknownFormat (ArticlesController#index is missing a template for this request format and variant.

request.formats: ["text/html"]
request.variant: []

NOTE! For XHR/Ajax or API requests, this action would normally respond with 204 No Content: an empty white screen. Since you're loading it in a web browser, we assume that you expected to actually render a template, not nothing, so we're showing an error to be extra-clear. If you expect 204 No Content, carry on. That's what you'll get from an XHR or API request. Give it a shot.):
  
actionpack (5.0.1) lib/action_controller/metal/implicit_render.rb:56:in `default_render'
actionpack (5.0.1) lib/action_controller/metal/basic_implicit_render.rb:4:in `block in send_action'
actionpack (5.0.1) lib/action_controller/metal/basic_implicit_render.rb:4:in `tap'
actionpack (5.0.1) lib/action_controller/metal/basic_implicit_render.rb:4:in `send_action'
actionpack (5.0.1) lib/abstract_controller/base.rb:188:in `process_action'
actionpack (5.0.1) lib/action_controller/metal/rendering.rb:30:in `process_action'
actionpack (5.0.1) lib/abstract_controller/callbacks.rb:20:in `block in process_action'
activesupport (5.0.1) lib/active_support/callbacks.rb:126:in `call'
activesupport (5.0.1) lib/active_support/callbacks.rb:506:in `block (2 levels) in compile'
activesupport (5.0.1) lib/active_support/callbacks.rb:455:in `call'
activesupport (5.0.1) lib/active_support/callbacks.rb:101:in `__run_callbacks__'
activesupport (5.0.1) lib/active_support/callbacks.rb:750:in `_run_process_action_callbacks'
activesupport (5.0.1) lib/active_support/callbacks.rb:90:in `run_callbacks'
actionpack (5.0.1) lib/abstract_controller/callbacks.rb:19:in `process_action'
actionpack (5.0.1) lib/action_controller/metal/rescue.rb:20:in `process_action'
actionpack (5.0.1) lib/action_controller/metal/instrumentation.rb:32:in `block in process_action'
activesupport (5.0.1) lib/active_support/notifications.rb:164:in `block in instrument'
activesupport (5.0.1) lib/active_support/notifications/instrumenter.rb:21:in `instrument'
activesupport (5.0.1) lib/active_support/notifications.rb:164:in `instrument'
actionpack (5.0.1) lib/action_controller/metal/instrumentation.rb:30:in `process_action'
actionpack (5.0.1) lib/action_controller/metal/params_wrapper.rb:248:in `process_action'
activerecord (5.0.1) lib/active_record/railties/controller_runtime.rb:18:in `process_action'
actionpack (5.0.1) lib/abstract_controller/base.rb:126:in `process'
actionview (5.0.1) lib/action_view/rendering.rb:30:in `process'
actionpack (5.0.1) lib/action_controller/metal.rb:190:in `dispatch'
actionpack (5.0.1) lib/action_controller/metal.rb:262:in `dispatch'
actionpack (5.0.1) lib/action_dispatch/routing/route_set.rb:50:in `dispatch'
actionpack (5.0.1) lib/action_dispatch/routing/route_set.rb:32:in `serve'
actionpack (5.0.1) lib/action_dispatch/journey/router.rb:39:in `block in serve'
actionpack (5.0.1) lib/action_dispatch/journey/router.rb:26:in `each'
actionpack (5.0.1) lib/action_dispatch/journey/router.rb:26:in `serve'
actionpack (5.0.1) lib/action_dispatch/routing/route_set.rb:725:in `call'
rack (2.0.1) lib/rack/etag.rb:25:in `call'
rack (2.0.1) lib/rack/conditional_get.rb:25:in `call'
rack (2.0.1) lib/rack/head.rb:12:in `call'
rack (2.0.1) lib/rack/session/abstract/id.rb:222:in `context'
rack (2.0.1) lib/rack/session/abstract/id.rb:216:in `call'
actionpack (5.0.1) lib/action_dispatch/middleware/cookies.rb:613:in `call'
activerecord (5.0.1) lib/active_record/migration.rb:553:in `call'
actionpack (5.0.1) lib/action_dispatch/middleware/callbacks.rb:38:in `block in call'
activesupport (5.0.1) lib/active_support/callbacks.rb:97:in `__run_callbacks__'
activesupport (5.0.1) lib/active_support/callbacks.rb:750:in `_run_call_callbacks'
activesupport (5.0.1) lib/active_support/callbacks.rb:90:in `run_callbacks'
actionpack (5.0.1) lib/action_dispatch/middleware/callbacks.rb:36:in `call'
actionpack (5.0.1) lib/action_dispatch/middleware/executor.rb:12:in `call'
actionpack (5.0.1) lib/action_dispatch/middleware/remote_ip.rb:79:in `call'
actionpack (5.0.1) lib/action_dispatch/middleware/debug_exceptions.rb:49:in `call'
web-console (3.4.0) lib/web_console/middleware.rb:135:in `call_app'
web-console (3.4.0) lib/web_console/middleware.rb:28:in `block in call'
web-console (3.4.0) lib/web_console/middleware.rb:18:in `catch'
web-console (3.4.0) lib/web_console/middleware.rb:18:in `call'
actionpack (5.0.1) lib/action_dispatch/middleware/show_exceptions.rb:31:in `call'
railties (5.0.1) lib/rails/rack/logger.rb:36:in `call_app'
railties (5.0.1) lib/rails/rack/logger.rb:24:in `block in call'
activesupport (5.0.1) lib/active_support/tagged_logging.rb:69:in `block in tagged'
activesupport (5.0.1) lib/active_support/tagged_logging.rb:26:in `tagged'
activesupport (5.0.1) lib/active_support/tagged_logging.rb:69:in `tagged'
railties (5.0.1) lib/rails/rack/logger.rb:24:in `call'
sprockets-rails (3.2.0) lib/sprockets/rails/quiet_assets.rb:13:in `call'
actionpack (5.0.1) lib/action_dispatch/middleware/request_id.rb:24:in `call'
rack (2.0.1) lib/rack/method_override.rb:22:in `call'
rack (2.0.1) lib/rack/runtime.rb:22:in `call'
activesupport (5.0.1) lib/active_support/cache/strategy/local_cache_middleware.rb:28:in `call'
actionpack (5.0.1) lib/action_dispatch/middleware/executor.rb:12:in `call'
actionpack (5.0.1) lib/action_dispatch/middleware/static.rb:136:in `call'
rack (2.0.1) lib/rack/sendfile.rb:111:in `call'
railties (5.0.1) lib/rails/engine.rb:522:in `call'
puma (3.7.0) lib/puma/configuration.rb:226:in `call'
puma (3.7.0) lib/puma/server.rb:578:in `handle_request'
puma (3.7.0) lib/puma/server.rb:415:in `process_client'
puma (3.7.0) lib/puma/server.rb:275:in `block in run'
puma (3.7.0) lib/puma/thread_pool.rb:120:in `block in spawn_thread'
  Rendering /home/sando/.rvm/gems/ruby-2.4.0/gems/actionpack-5.0.1/lib/action_dispatch/middleware/templates/rescues/diagnostics.html.erb within rescues/layout
  Rendering /home/sando/.rvm/gems/ruby-2.4.0/gems/actionpack-5.0.1/lib/action_dispatch/middleware/templates/rescues/_source.html.erb
  Rendered /home/sando/.rvm/gems/ruby-2.4.0/gems/actionpack-5.0.1/lib/action_dispatch/middleware/templates/rescues/_source.html.erb (3.6ms)
  Rendering /home/sando/.rvm/gems/ruby-2.4.0/gems/actionpack-5.0.1/lib/action_dispatch/middleware/templates/rescues/_trace.html.erb
  Rendered /home/sando/.rvm/gems/ruby-2.4.0/gems/actionpack-5.0.1/lib/action_dispatch/middleware/templates/rescues/_trace.html.erb (1.8ms)
  Rendering /home/sando/.rvm/gems/ruby-2.4.0/gems/actionpack-5.0.1/lib/action_dispatch/middleware/templates/rescues/_request_and_response.html.erb
  Rendered /home/sando/.rvm/gems/ruby-2.4.0/gems/actionpack-5.0.1/lib/action_dispatch/middleware/templates/rescues/_request_and_response.html.erb (0.7ms)
  Rendered /home/sando/.rvm/gems/ruby-2.4.0/gems/actionpack-5.0.1/lib/action_dispatch/middleware/templates/rescues/diagnostics.html.erb within rescues/layout (19.1ms)
Started GET "/articles/1" for 127.0.0.1 at 2017-02-20 21:06:43 +0200
Processing by ArticlesController#show as HTML
  Parameters: {"id"=>"1"}
  [1m[36mArticle Load (0.5ms)[0m  [1m[34mSELECT  "articles".* FROM "articles" WHERE "articles"."id" = $1 LIMIT $2[0m  [["id", 1], ["LIMIT", 1]]
  Rendering articles/show.html.erb within layouts/application
  Rendered articles/show.html.erb within layouts/application (0.5ms)
Completed 200 OK in 40ms (Views: 21.0ms | ActiveRecord: 7.4ms)


Started GET "/articles" for 127.0.0.1 at 2017-02-20 21:07:06 +0200
Processing by ArticlesController#index as HTML
Completed 406 Not Acceptable in 19ms (ActiveRecord: 0.0ms)


  
ActionController::UnknownFormat (ArticlesController#index is missing a template for this request format and variant.

request.formats: ["text/html"]
request.variant: []

NOTE! For XHR/Ajax or API requests, this action would normally respond with 204 No Content: an empty white screen. Since you're loading it in a web browser, we assume that you expected to actually render a template, not nothing, so we're showing an error to be extra-clear. If you expect 204 No Content, carry on. That's what you'll get from an XHR or API request. Give it a shot.):
  
actionpack (5.0.1) lib/action_controller/metal/implicit_render.rb:56:in `default_render'
actionpack (5.0.1) lib/action_controller/metal/basic_implicit_render.rb:4:in `block in send_action'
actionpack (5.0.1) lib/action_controller/metal/basic_implicit_render.rb:4:in `tap'
actionpack (5.0.1) lib/action_controller/metal/basic_implicit_render.rb:4:in `send_action'
actionpack (5.0.1) lib/abstract_controller/base.rb:188:in `process_action'
actionpack (5.0.1) lib/action_controller/metal/rendering.rb:30:in `process_action'
actionpack (5.0.1) lib/abstract_controller/callbacks.rb:20:in `block in process_action'
activesupport (5.0.1) lib/active_support/callbacks.rb:126:in `call'
activesupport (5.0.1) lib/active_support/callbacks.rb:506:in `block (2 levels) in compile'
activesupport (5.0.1) lib/active_support/callbacks.rb:455:in `call'
activesupport (5.0.1) lib/active_support/callbacks.rb:101:in `__run_callbacks__'
activesupport (5.0.1) lib/active_support/callbacks.rb:750:in `_run_process_action_callbacks'
activesupport (5.0.1) lib/active_support/callbacks.rb:90:in `run_callbacks'
actionpack (5.0.1) lib/abstract_controller/callbacks.rb:19:in `process_action'
actionpack (5.0.1) lib/action_controller/metal/rescue.rb:20:in `process_action'
actionpack (5.0.1) lib/action_controller/metal/instrumentation.rb:32:in `block in process_action'
activesupport (5.0.1) lib/active_support/notifications.rb:164:in `block in instrument'
activesupport (5.0.1) lib/active_support/notifications/instrumenter.rb:21:in `instrument'
activesupport (5.0.1) lib/active_support/notifications.rb:164:in `instrument'
actionpack (5.0.1) lib/action_controller/metal/instrumentation.rb:30:in `process_action'
actionpack (5.0.1) lib/action_controller/metal/params_wrapper.rb:248:in `process_action'
activerecord (5.0.1) lib/active_record/railties/controller_runtime.rb:18:in `process_action'
actionpack (5.0.1) lib/abstract_controller/base.rb:126:in `process'
actionview (5.0.1) lib/action_view/rendering.rb:30:in `process'
actionpack (5.0.1) lib/action_controller/metal.rb:190:in `dispatch'
actionpack (5.0.1) lib/action_controller/metal.rb:262:in `dispatch'
actionpack (5.0.1) lib/action_dispatch/routing/route_set.rb:50:in `dispatch'
actionpack (5.0.1) lib/action_dispatch/routing/route_set.rb:32:in `serve'
actionpack (5.0.1) lib/action_dispatch/journey/router.rb:39:in `block in serve'
actionpack (5.0.1) lib/action_dispatch/journey/router.rb:26:in `each'
actionpack (5.0.1) lib/action_dispatch/journey/router.rb:26:in `serve'
actionpack (5.0.1) lib/action_dispatch/routing/route_set.rb:725:in `call'
rack (2.0.1) lib/rack/etag.rb:25:in `call'
rack (2.0.1) lib/rack/conditional_get.rb:25:in `call'
rack (2.0.1) lib/rack/head.rb:12:in `call'
rack (2.0.1) lib/rack/session/abstract/id.rb:222:in `context'
rack (2.0.1) lib/rack/session/abstract/id.rb:216:in `call'
actionpack (5.0.1) lib/action_dispatch/middleware/cookies.rb:613:in `call'
activerecord (5.0.1) lib/active_record/migration.rb:553:in `call'
actionpack (5.0.1) lib/action_dispatch/middleware/callbacks.rb:38:in `block in call'
activesupport (5.0.1) lib/active_support/callbacks.rb:97:in `__run_callbacks__'
activesupport (5.0.1) lib/active_support/callbacks.rb:750:in `_run_call_callbacks'
activesupport (5.0.1) lib/active_support/callbacks.rb:90:in `run_callbacks'
actionpack (5.0.1) lib/action_dispatch/middleware/callbacks.rb:36:in `call'
actionpack (5.0.1) lib/action_dispatch/middleware/executor.rb:12:in `call'
actionpack (5.0.1) lib/action_dispatch/middleware/remote_ip.rb:79:in `call'
actionpack (5.0.1) lib/action_dispatch/middleware/debug_exceptions.rb:49:in `call'
web-console (3.4.0) lib/web_console/middleware.rb:135:in `call_app'
web-console (3.4.0) lib/web_console/middleware.rb:28:in `block in call'
web-console (3.4.0) lib/web_console/middleware.rb:18:in `catch'
web-console (3.4.0) lib/web_console/middleware.rb:18:in `call'
actionpack (5.0.1) lib/action_dispatch/middleware/show_exceptions.rb:31:in `call'
railties (5.0.1) lib/rails/rack/logger.rb:36:in `call_app'
railties (5.0.1) lib/rails/rack/logger.rb:24:in `block in call'
activesupport (5.0.1) lib/active_support/tagged_logging.rb:69:in `block in tagged'
activesupport (5.0.1) lib/active_support/tagged_logging.rb:26:in `tagged'
activesupport (5.0.1) lib/active_support/tagged_logging.rb:69:in `tagged'
railties (5.0.1) lib/rails/rack/logger.rb:24:in `call'
sprockets-rails (3.2.0) lib/sprockets/rails/quiet_assets.rb:13:in `call'
actionpack (5.0.1) lib/action_dispatch/middleware/request_id.rb:24:in `call'
rack (2.0.1) lib/rack/method_override.rb:22:in `call'
rack (2.0.1) lib/rack/runtime.rb:22:in `call'
activesupport (5.0.1) lib/active_support/cache/strategy/local_cache_middleware.rb:28:in `call'
actionpack (5.0.1) lib/action_dispatch/middleware/executor.rb:12:in `call'
actionpack (5.0.1) lib/action_dispatch/middleware/static.rb:136:in `call'
rack (2.0.1) lib/rack/sendfile.rb:111:in `call'
railties (5.0.1) lib/rails/engine.rb:522:in `call'
puma (3.7.0) lib/puma/configuration.rb:226:in `call'
puma (3.7.0) lib/puma/server.rb:578:in `handle_request'
puma (3.7.0) lib/puma/server.rb:415:in `process_client'
puma (3.7.0) lib/puma/server.rb:275:in `block in run'
puma (3.7.0) lib/puma/thread_pool.rb:120:in `block in spawn_thread'
  Rendering /home/sando/.rvm/gems/ruby-2.4.0/gems/actionpack-5.0.1/lib/action_dispatch/middleware/templates/rescues/diagnostics.html.erb within rescues/layout
  Rendering /home/sando/.rvm/gems/ruby-2.4.0/gems/actionpack-5.0.1/lib/action_dispatch/middleware/templates/rescues/_source.html.erb
  Rendered /home/sando/.rvm/gems/ruby-2.4.0/gems/actionpack-5.0.1/lib/action_dispatch/middleware/templates/rescues/_source.html.erb (4.2ms)
  Rendering /home/sando/.rvm/gems/ruby-2.4.0/gems/actionpack-5.0.1/lib/action_dispatch/middleware/templates/rescues/_trace.html.erb
  Rendered /home/sando/.rvm/gems/ruby-2.4.0/gems/actionpack-5.0.1/lib/action_dispatch/middleware/templates/rescues/_trace.html.erb (2.0ms)
  Rendering /home/sando/.rvm/gems/ruby-2.4.0/gems/actionpack-5.0.1/lib/action_dispatch/middleware/templates/rescues/_request_and_response.html.erb
  Rendered /home/sando/.rvm/gems/ruby-2.4.0/gems/actionpack-5.0.1/lib/action_dispatch/middleware/templates/rescues/_request_and_response.html.erb (0.8ms)
  Rendered /home/sando/.rvm/gems/ruby-2.4.0/gems/actionpack-5.0.1/lib/action_dispatch/middleware/templates/rescues/diagnostics.html.erb within rescues/layout (22.5ms)
Started GET "/articles/new" for 127.0.0.1 at 2017-02-20 21:07:12 +0200
Processing by ArticlesController#new as HTML
  Rendering articles/new.html.erb within layouts/application
  Rendered articles/new.html.erb within layouts/application (3.7ms)
Completed 200 OK in 31ms (Views: 29.8ms | ActiveRecord: 0.0ms)


Started GET "/articles" for 127.0.0.1 at 2017-02-20 21:10:48 +0200
  [1m[36mActiveRecord::SchemaMigration Load (0.7ms)[0m  [1m[34mSELECT "schema_migrations".* FROM "schema_migrations"[0m
Processing by ArticlesController#index as HTML
  Rendering articles/index.html.erb within layouts/application
  [1m[36mArticle Load (0.4ms)[0m  [1m[34mSELECT "articles".* FROM "articles"[0m
  Rendered articles/index.html.erb within layouts/application (15.9ms)
Completed 200 OK in 223ms (Views: 208.0ms | ActiveRecord: 3.5ms)


Started GET "/articles/1" for 127.0.0.1 at 2017-02-20 21:10:54 +0200
Processing by ArticlesController#show as HTML
  Parameters: {"id"=>"1"}
  [1m[36mArticle Load (0.6ms)[0m  [1m[34mSELECT  "articles".* FROM "articles" WHERE "articles"."id" = $1 LIMIT $2[0m  [["id", 1], ["LIMIT", 1]]
  Rendering articles/show.html.erb within layouts/application
  Rendered articles/show.html.erb within layouts/application (0.5ms)
Completed 200 OK in 60ms (Views: 50.1ms | ActiveRecord: 1.1ms)


Started GET "/articles" for 127.0.0.1 at 2017-02-20 21:15:21 +0200
Processing by ArticlesController#index as HTML
  Rendering articles/index.html.erb within layouts/application
  [1m[36mArticle Load (1.3ms)[0m  [1m[34mSELECT "articles".* FROM "articles"[0m
  Rendered articles/index.html.erb within layouts/application (4.1ms)
Completed 200 OK in 40ms (Views: 36.9ms | ActiveRecord: 1.3ms)


Started GET "/articles/new" for 127.0.0.1 at 2017-02-20 21:15:42 +0200
Processing by ArticlesController#new as HTML
  Rendering articles/new.html.erb within layouts/application
  Rendered articles/new.html.erb within layouts/application (17.9ms)
Completed 200 OK in 47ms (Views: 45.3ms | ActiveRecord: 0.0ms)


Started POST "/articles" for 127.0.0.1 at 2017-02-20 21:15:55 +0200
Processing by ArticlesController#create as HTML
  Parameters: {"utf8"=>"✓", "authenticity_token"=>"TZSIKGYadwCOHT+n4gkXG7O5i2e6ukTgv1stiyXlYv6yypR8FUeH4Ch5cD6tNUv6IyesQeUm0BDnZb7u3aAlbw==", "article"=>{"title"=>"SANDO E MNOGO QK", "text"=>"bengis\r\n"}, "commit"=>"Save Article"}
  [1m[35m (0.1ms)[0m  [1m[35mBEGIN[0m
  [1m[35mSQL (0.8ms)[0m  [1m[32mINSERT INTO "articles" ("title", "text", "created_at", "updated_at") VALUES ($1, $2, $3, $4) RETURNING "id"[0m  [["title", "SANDO E MNOGO QK"], ["text", "bengis\r\n"], ["created_at", 2017-02-20 19:15:55 UTC], ["updated_at", 2017-02-20 19:15:55 UTC]]
  [1m[35m (37.5ms)[0m  [1m[35mCOMMIT[0m
Redirected to http://localhost:3000/articles/2
Completed 302 Found in 44ms (ActiveRecord: 38.5ms)


Started GET "/articles/2" for 127.0.0.1 at 2017-02-20 21:15:55 +0200
Processing by ArticlesController#show as HTML
  Parameters: {"id"=>"2"}
  [1m[36mArticle Load (0.3ms)[0m  [1m[34mSELECT  "articles".* FROM "articles" WHERE "articles"."id" = $1 LIMIT $2[0m  [["id", 2], ["LIMIT", 1]]
  Rendering articles/show.html.erb within layouts/application
  Rendered articles/show.html.erb within layouts/application (0.6ms)
Completed 200 OK in 17ms (Views: 15.7ms | ActiveRecord: 0.3ms)


Started GET "/articles" for 127.0.0.1 at 2017-02-20 21:15:58 +0200
Processing by ArticlesController#index as HTML
  Rendering articles/index.html.erb within layouts/application
  [1m[36mArticle Load (0.7ms)[0m  [1m[34mSELECT "articles".* FROM "articles"[0m
  Rendered articles/index.html.erb within layouts/application (3.9ms)
Completed 200 OK in 31ms (Views: 28.6ms | ActiveRecord: 0.7ms)


Started GET "/articles/new" for 127.0.0.1 at 2017-02-20 21:22:15 +0200
  [1m[36mActiveRecord::SchemaMigration Load (0.4ms)[0m  [1m[34mSELECT "schema_migrations".* FROM "schema_migrations"[0m
Processing by ArticlesController#new as HTML
  Rendering articles/new.html.erb within layouts/application
  Rendered articles/new.html.erb within layouts/application (12.8ms)
Completed 200 OK in 219ms (Views: 211.2ms | ActiveRecord: 0.0ms)


Started POST "/articles" for 127.0.0.1 at 2017-02-20 21:22:22 +0200
Processing by ArticlesController#create as HTML
  Parameters: {"utf8"=>"✓", "authenticity_token"=>"FDoq4NzPBBDNdm/dODzR8jKGGsg8OV+dADMOQss511vrZDa0r5L08GsSIER3AI0Tohg97mOly21YDZ0nM3yQyg==", "article"=>{"title"=>"ahaaa", "text"=>""}, "commit"=>"Save Article"}
  [1m[35m (0.2ms)[0m  [1m[35mBEGIN[0m
  [1m[35mSQL (1.1ms)[0m  [1m[32mINSERT INTO "articles" ("title", "text", "created_at", "updated_at") VALUES ($1, $2, $3, $4) RETURNING "id"[0m  [["title", "ahaaa"], ["text", ""], ["created_at", 2017-02-20 19:22:22 UTC], ["updated_at", 2017-02-20 19:22:22 UTC]]
  [1m[35m (32.5ms)[0m  [1m[35mCOMMIT[0m
Redirected to http://localhost:3000/articles/3
Completed 302 Found in 62ms (ActiveRecord: 39.7ms)


Started GET "/articles/3" for 127.0.0.1 at 2017-02-20 21:22:22 +0200
Processing by ArticlesController#show as HTML
  Parameters: {"id"=>"3"}
  [1m[36mArticle Load (0.4ms)[0m  [1m[34mSELECT  "articles".* FROM "articles" WHERE "articles"."id" = $1 LIMIT $2[0m  [["id", 3], ["LIMIT", 1]]
  Rendering articles/show.html.erb within layouts/application
  Rendered articles/show.html.erb within layouts/application (0.7ms)
Completed 200 OK in 26ms (Views: 20.8ms | ActiveRecord: 0.6ms)


Started GET "/articles" for 127.0.0.1 at 2017-02-20 21:22:25 +0200
Processing by ArticlesController#index as HTML
  Rendering articles/index.html.erb within layouts/application
  [1m[36mArticle Load (0.7ms)[0m  [1m[34mSELECT "articles".* FROM "articles"[0m
  Rendered articles/index.html.erb within layouts/application (2.6ms)
Completed 200 OK in 22ms (Views: 20.0ms | ActiveRecord: 0.7ms)


Started GET "/articles" for 127.0.0.1 at 2017-02-20 21:25:17 +0200
  [1m[36mActiveRecord::SchemaMigration Load (0.5ms)[0m  [1m[34mSELECT "schema_migrations".* FROM "schema_migrations"[0m
Processing by ArticlesController#index as HTML
Completed 500 Internal Server Error in 72ms (ActiveRecord: 0.0ms)


  
NameError (undefined local variable or method `title' for #<ArticlesController:0x007f4ad08a0058>):
  
app/controllers/articles_controller.rb:3:in `index'
  Rendering /home/sando/.rvm/gems/ruby-2.4.0/gems/actionpack-5.0.1/lib/action_dispatch/middleware/templates/rescues/diagnostics.html.erb within rescues/layout
  Rendering /home/sando/.rvm/gems/ruby-2.4.0/gems/actionpack-5.0.1/lib/action_dispatch/middleware/templates/rescues/_source.html.erb
  Rendered /home/sando/.rvm/gems/ruby-2.4.0/gems/actionpack-5.0.1/lib/action_dispatch/middleware/templates/rescues/_source.html.erb (6.2ms)
  Rendering /home/sando/.rvm/gems/ruby-2.4.0/gems/actionpack-5.0.1/lib/action_dispatch/middleware/templates/rescues/_trace.html.erb
  Rendered /home/sando/.rvm/gems/ruby-2.4.0/gems/actionpack-5.0.1/lib/action_dispatch/middleware/templates/rescues/_trace.html.erb (1.9ms)
  Rendering /home/sando/.rvm/gems/ruby-2.4.0/gems/actionpack-5.0.1/lib/action_dispatch/middleware/templates/rescues/_request_and_response.html.erb
  Rendered /home/sando/.rvm/gems/ruby-2.4.0/gems/actionpack-5.0.1/lib/action_dispatch/middleware/templates/rescues/_request_and_response.html.erb (0.7ms)
  Rendered /home/sando/.rvm/gems/ruby-2.4.0/gems/actionpack-5.0.1/lib/action_dispatch/middleware/templates/rescues/diagnostics.html.erb within rescues/layout (52.3ms)
Started GET "/articles" for 127.0.0.1 at 2017-02-20 21:25:20 +0200
Processing by ArticlesController#index as HTML
Completed 500 Internal Server Error in 107ms (ActiveRecord: 0.0ms)


  
NameError (undefined local variable or method `title' for #<ArticlesController:0x007f4ad07b30a0>):
  
app/controllers/articles_controller.rb:3:in `index'
  Rendering /home/sando/.rvm/gems/ruby-2.4.0/gems/actionpack-5.0.1/lib/action_dispatch/middleware/templates/rescues/diagnostics.html.erb within rescues/layout
  Rendering /home/sando/.rvm/gems/ruby-2.4.0/gems/actionpack-5.0.1/lib/action_dispatch/middleware/templates/rescues/_source.html.erb
  Rendered /home/sando/.rvm/gems/ruby-2.4.0/gems/actionpack-5.0.1/lib/action_dispatch/middleware/templates/rescues/_source.html.erb (7.9ms)
  Rendering /home/sando/.rvm/gems/ruby-2.4.0/gems/actionpack-5.0.1/lib/action_dispatch/middleware/templates/rescues/_trace.html.erb
  Rendered /home/sando/.rvm/gems/ruby-2.4.0/gems/actionpack-5.0.1/lib/action_dispatch/middleware/templates/rescues/_trace.html.erb (3.1ms)
  Rendering /home/sando/.rvm/gems/ruby-2.4.0/gems/actionpack-5.0.1/lib/action_dispatch/middleware/templates/rescues/_request_and_response.html.erb
  Rendered /home/sando/.rvm/gems/ruby-2.4.0/gems/actionpack-5.0.1/lib/action_dispatch/middleware/templates/rescues/_request_and_response.html.erb (0.9ms)
  Rendered /home/sando/.rvm/gems/ruby-2.4.0/gems/actionpack-5.0.1/lib/action_dispatch/middleware/templates/rescues/diagnostics.html.erb within rescues/layout (57.4ms)
Started GET "/articles" for 127.0.0.1 at 2017-02-20 21:26:32 +0200
  [1m[36mActiveRecord::SchemaMigration Load (0.6ms)[0m  [1m[34mSELECT "schema_migrations".* FROM "schema_migrations"[0m
Processing by ArticlesController#index as HTML
  Rendering articles/index.html.erb within layouts/application
  [1m[36mArticle Load (0.9ms)[0m  [1m[34mSELECT "articles".* FROM "articles" ORDER BY "articles"."title" ASC[0m
  Rendered articles/index.html.erb within layouts/application (19.0ms)
Completed 200 OK in 239ms (Views: 216.7ms | ActiveRecord: 4.6ms)


Started GET "/articles" for 127.0.0.1 at 2017-02-20 21:36:16 +0200
Processing by ArticlesController#index as HTML
  Rendering articles/index.html.erb within layouts/application
  [1m[36mArticle Load (0.5ms)[0m  [1m[34mSELECT "articles".* FROM "articles" ORDER BY "articles"."title" ASC[0m
  Rendered articles/index.html.erb within layouts/application (8.8ms)
Completed 200 OK in 39ms (Views: 32.0ms | ActiveRecord: 0.5ms)


Started GET "/articles" for 127.0.0.1 at 2017-02-20 21:36:23 +0200
Processing by ArticlesController#index as HTML
  Rendering articles/index.html.erb within layouts/application
  [1m[36mArticle Load (1.8ms)[0m  [1m[34mSELECT "articles".* FROM "articles" ORDER BY "articles"."title" ASC[0m
  Rendered articles/index.html.erb within layouts/application (4.7ms)
Completed 200 OK in 33ms (Views: 29.8ms | ActiveRecord: 1.8ms)


Started GET "/" for 127.0.0.1 at 2017-02-20 21:38:14 +0200
Processing by WelcomeController#index as */*
  Rendering welcome/index.html.erb within layouts/application
  Rendered welcome/index.html.erb within layouts/application (0.5ms)
Completed 200 OK in 31ms (Views: 26.0ms | ActiveRecord: 0.0ms)


Started GET "/" for 127.0.0.1 at 2017-02-20 21:38:21 +0200
Processing by WelcomeController#index as */*
  Rendering welcome/index.html.erb within layouts/application
  Rendered welcome/index.html.erb within layouts/application (0.4ms)
Completed 200 OK in 21ms (Views: 18.8ms | ActiveRecord: 0.0ms)


Started POST "/" for 127.0.0.1 at 2017-02-20 21:39:03 +0200
  
ActionController::RoutingError (No route matches [POST] "/"):
  
actionpack (5.0.1) lib/action_dispatch/middleware/debug_exceptions.rb:53:in `call'
web-console (3.4.0) lib/web_console/middleware.rb:135:in `call_app'
web-console (3.4.0) lib/web_console/middleware.rb:28:in `block in call'
web-console (3.4.0) lib/web_console/middleware.rb:18:in `catch'
web-console (3.4.0) lib/web_console/middleware.rb:18:in `call'
actionpack (5.0.1) lib/action_dispatch/middleware/show_exceptions.rb:31:in `call'
railties (5.0.1) lib/rails/rack/logger.rb:36:in `call_app'
railties (5.0.1) lib/rails/rack/logger.rb:24:in `block in call'
activesupport (5.0.1) lib/active_support/tagged_logging.rb:69:in `block in tagged'
activesupport (5.0.1) lib/active_support/tagged_logging.rb:26:in `tagged'
activesupport (5.0.1) lib/active_support/tagged_logging.rb:69:in `tagged'
railties (5.0.1) lib/rails/rack/logger.rb:24:in `call'
sprockets-rails (3.2.0) lib/sprockets/rails/quiet_assets.rb:13:in `call'
actionpack (5.0.1) lib/action_dispatch/middleware/request_id.rb:24:in `call'
rack (2.0.1) lib/rack/method_override.rb:22:in `call'
rack (2.0.1) lib/rack/runtime.rb:22:in `call'
activesupport (5.0.1) lib/active_support/cache/strategy/local_cache_middleware.rb:28:in `call'
actionpack (5.0.1) lib/action_dispatch/middleware/executor.rb:12:in `call'
actionpack (5.0.1) lib/action_dispatch/middleware/static.rb:136:in `call'
rack (2.0.1) lib/rack/sendfile.rb:111:in `call'
railties (5.0.1) lib/rails/engine.rb:522:in `call'
puma (3.7.0) lib/puma/configuration.rb:226:in `call'
puma (3.7.0) lib/puma/server.rb:578:in `handle_request'
puma (3.7.0) lib/puma/server.rb:415:in `process_client'
puma (3.7.0) lib/puma/server.rb:275:in `block in run'
puma (3.7.0) lib/puma/thread_pool.rb:120:in `block in spawn_thread'
  Rendering /home/sando/.rvm/gems/ruby-2.4.0/gems/actionpack-5.0.1/lib/action_dispatch/middleware/templates/rescues/routing_error.html.erb within rescues/layout
  Rendering /home/sando/.rvm/gems/ruby-2.4.0/gems/actionpack-5.0.1/lib/action_dispatch/middleware/templates/rescues/_trace.html.erb
  Rendered /home/sando/.rvm/gems/ruby-2.4.0/gems/actionpack-5.0.1/lib/action_dispatch/middleware/templates/rescues/_trace.html.erb (2.1ms)
  Rendered collection of /home/sando/.rvm/gems/ruby-2.4.0/gems/actionpack-5.0.1/lib/action_dispatch/middleware/templates/routes/_route.html.erb [9 times] (31.7ms)
  Rendered /home/sando/.rvm/gems/ruby-2.4.0/gems/actionpack-5.0.1/lib/action_dispatch/middleware/templates/routes/_table.html.erb (19.9ms)
  Rendering /home/sando/.rvm/gems/ruby-2.4.0/gems/actionpack-5.0.1/lib/action_dispatch/middleware/templates/rescues/_request_and_response.html.erb
  Rendered /home/sando/.rvm/gems/ruby-2.4.0/gems/actionpack-5.0.1/lib/action_dispatch/middleware/templates/rescues/_request_and_response.html.erb (1.3ms)
  Rendered /home/sando/.rvm/gems/ruby-2.4.0/gems/actionpack-5.0.1/lib/action_dispatch/middleware/templates/rescues/routing_error.html.erb within rescues/layout (91.4ms)
Started POST "/?title=vasko&text=masko" for 127.0.0.1 at 2017-02-20 21:40:06 +0200
  
ActionController::RoutingError (No route matches [POST] "/"):
  
actionpack (5.0.1) lib/action_dispatch/middleware/debug_exceptions.rb:53:in `call'
web-console (3.4.0) lib/web_console/middleware.rb:135:in `call_app'
web-console (3.4.0) lib/web_console/middleware.rb:28:in `block in call'
web-console (3.4.0) lib/web_console/middleware.rb:18:in `catch'
web-console (3.4.0) lib/web_console/middleware.rb:18:in `call'
actionpack (5.0.1) lib/action_dispatch/middleware/show_exceptions.rb:31:in `call'
railties (5.0.1) lib/rails/rack/logger.rb:36:in `call_app'
railties (5.0.1) lib/rails/rack/logger.rb:24:in `block in call'
activesupport (5.0.1) lib/active_support/tagged_logging.rb:69:in `block in tagged'
activesupport (5.0.1) lib/active_support/tagged_logging.rb:26:in `tagged'
activesupport (5.0.1) lib/active_support/tagged_logging.rb:69:in `tagged'
railties (5.0.1) lib/rails/rack/logger.rb:24:in `call'
sprockets-rails (3.2.0) lib/sprockets/rails/quiet_assets.rb:13:in `call'
actionpack (5.0.1) lib/action_dispatch/middleware/request_id.rb:24:in `call'
rack (2.0.1) lib/rack/method_override.rb:22:in `call'
rack (2.0.1) lib/rack/runtime.rb:22:in `call'
activesupport (5.0.1) lib/active_support/cache/strategy/local_cache_middleware.rb:28:in `call'
actionpack (5.0.1) lib/action_dispatch/middleware/executor.rb:12:in `call'
actionpack (5.0.1) lib/action_dispatch/middleware/static.rb:136:in `call'
rack (2.0.1) lib/rack/sendfile.rb:111:in `call'
railties (5.0.1) lib/rails/engine.rb:522:in `call'
puma (3.7.0) lib/puma/configuration.rb:226:in `call'
puma (3.7.0) lib/puma/server.rb:578:in `handle_request'
puma (3.7.0) lib/puma/server.rb:415:in `process_client'
puma (3.7.0) lib/puma/server.rb:275:in `block in run'
puma (3.7.0) lib/puma/thread_pool.rb:120:in `block in spawn_thread'
  Rendering /home/sando/.rvm/gems/ruby-2.4.0/gems/actionpack-5.0.1/lib/action_dispatch/middleware/templates/rescues/routing_error.html.erb within rescues/layout
  Rendering /home/sando/.rvm/gems/ruby-2.4.0/gems/actionpack-5.0.1/lib/action_dispatch/middleware/templates/rescues/_trace.html.erb
  Rendered /home/sando/.rvm/gems/ruby-2.4.0/gems/actionpack-5.0.1/lib/action_dispatch/middleware/templates/rescues/_trace.html.erb (1.1ms)
  Rendered collection of /home/sando/.rvm/gems/ruby-2.4.0/gems/actionpack-5.0.1/lib/action_dispatch/middleware/templates/routes/_route.html.erb [9 times] (2.8ms)
  Rendered /home/sando/.rvm/gems/ruby-2.4.0/gems/actionpack-5.0.1/lib/action_dispatch/middleware/templates/routes/_table.html.erb (1.2ms)
  Rendering /home/sando/.rvm/gems/ruby-2.4.0/gems/actionpack-5.0.1/lib/action_dispatch/middleware/templates/rescues/_request_and_response.html.erb
  Rendered /home/sando/.rvm/gems/ruby-2.4.0/gems/actionpack-5.0.1/lib/action_dispatch/middleware/templates/rescues/_request_and_response.html.erb (1.2ms)
  Rendered /home/sando/.rvm/gems/ruby-2.4.0/gems/actionpack-5.0.1/lib/action_dispatch/middleware/templates/rescues/routing_error.html.erb within rescues/layout (22.8ms)
Started GET "/articles" for 127.0.0.1 at 2017-02-20 21:40:30 +0200
Processing by ArticlesController#index as HTML
  Rendering articles/index.html.erb within layouts/application
  [1m[36mArticle Load (1.5ms)[0m  [1m[34mSELECT "articles".* FROM "articles" ORDER BY "articles"."title" ASC[0m
  Rendered articles/index.html.erb within layouts/application (28.6ms)
Completed 200 OK in 69ms (Views: 45.4ms | ActiveRecord: 9.2ms)


Started GET "/articles" for 127.0.0.1 at 2017-02-20 21:40:32 +0200
Processing by ArticlesController#index as HTML
  Rendering articles/index.html.erb within layouts/application
  [1m[36mArticle Load (1.5ms)[0m  [1m[34mSELECT "articles".* FROM "articles" ORDER BY "articles"."title" ASC[0m
  Rendered articles/index.html.erb within layouts/application (4.3ms)
Completed 200 OK in 40ms (Views: 36.8ms | ActiveRecord: 1.5ms)


Started GET "/articles" for 127.0.0.1 at 2017-02-20 22:36:10 +0200
  [1m[36mActiveRecord::SchemaMigration Load (0.5ms)[0m  [1m[34mSELECT "schema_migrations".* FROM "schema_migrations"[0m
Processing by ArticlesController#index as HTML
  Rendering articles/index.html.erb within layouts/application
  [1m[36mArticle Load (0.8ms)[0m  [1m[34mSELECT "articles".* FROM "articles" ORDER BY "articles"."title" ASC[0m
  Rendered articles/index.html.erb within layouts/application (13.4ms)
Completed 200 OK in 207ms (Views: 191.1ms | ActiveRecord: 4.2ms)


Started GET "/articles" for 127.0.0.1 at 2017-02-20 22:41:39 +0200
  [1m[36mActiveRecord::SchemaMigration Load (0.5ms)[0m  [1m[34mSELECT "schema_migrations".* FROM "schema_migrations"[0m
Processing by ArticlesController#index as HTML
  Rendering articles/index.html.erb within layouts/application
  [1m[36mArticle Load (0.8ms)[0m  [1m[34mSELECT "articles".* FROM "articles" ORDER BY "articles"."title" ASC[0m
  Rendered articles/index.html.erb within layouts/application (12.8ms)
Completed 200 OK in 201ms (Views: 183.2ms | ActiveRecord: 3.9ms)


